1516020686715	geckodriver	INFO	geckodriver 0.19.1
1516020686811	geckodriver	INFO	Listening on 127.0.0.1:59513
1516020687983	mozrunner::runner	INFO	Running command: "/Applications/Firefox.app/Contents/MacOS/firefox-bin" "-marionette" "-profile" "/var/folders/zw/191_468n3fj9_0ly0jymddq00000gn/T/rust_mozprofile.M1BWTC3rL5c0"
1516020688997	Marionette	INFO	Enabled via --marionette
2018-01-15 05:51:29.924 plugin-container[2616:436779] *** CFMessagePort: bootstrap_register(): failed 1100 (0x44c) 'Permission denied', port = 0x7543, name = 'com.apple.tsm.portname'
See /usr/include/servers/bootstrap_defs.h for the error codes.
1516020690996	Marionette	INFO	Listening on port 59524
1516020691049	Marionette	WARN	TLS certificate errors will be ignored for this session
1516020691122	Marionette	DEBUG	Register listener.js for window 2147483649
1516020723179	Marionette	DEBUG	Received DOM event "beforeunload" for "about:blank"
1516020723462	Marionette	DEBUG	Received DOM event "pagehide" for "about:blank"
1516020723462	Marionette	DEBUG	Received DOM event "unload" for "about:blank"
JavaScript error: http://inventwithpython.com/js/bootstrap.min.js, line 7: Error: Bootstrap tooltips require Tether (http://tether.io/)
1516020723755	Marionette	DEBUG	Received DOM event "DOMContentLoaded" for "http://inventwithpython.com/"
1516020726022	Marionette	DEBUG	Received DOM event "pageshow" for "http://inventwithpython.com/"
1516020760430	Marionette	DEBUG	Received DOM event "beforeunload" for "http://inventwithpython.com/"
1516020761963	Marionette	DEBUG	Received DOM event "pagehide" for "http://inventwithpython.com/"
1516020761963	Marionette	DEBUG	Received DOM event "unload" for "http://inventwithpython.com/"
1516020763134	Marionette	DEBUG	Received DOM event "DOMContentLoaded" for "https://www.alta.com/"
1516020764230	Marionette	DEBUG	Received DOM event "pageshow" for "https://www.alta.com/"
1516021068524	Marionette	DEBUG	Received DOM event "beforeunload" for "https://www.alta.com/"
1516021069786	Marionette	DEBUG	Received DOM event "pagehide" for "https://www.alta.com/"
1516021069786	Marionette	DEBUG	Received DOM event "unload" for "https://www.alta.com/"
1516021070161	Marionette	DEBUG	Received DOM event "DOMContentLoaded" for "https://www.alta.com/"
1516021071141	Marionette	DEBUG	Received DOM event "pageshow" for "https://www.alta.com/"
console.error: 
  Got a removal of an actor we didn't know about: server1.conn0.child1/domnode156
1516021128703	Marionette	DEBUG	Canceled page load listener because no navigation has been detected
1516021158468	Marionette	DEBUG	Register listener.js for window 2147483655
1516021158773	Marionette	DEBUG	Register listener.js for window 4294967297
2018-01-15 05:59:18.837 plugin-container[2633:440948] *** CFMessagePort: bootstrap_register(): failed 1100 (0x44c) 'Permission denied', port = 0x7d43, name = 'com.apple.tsm.portname'
See /usr/include/servers/bootstrap_defs.h for the error codes.
1516021229297	Marionette	DEBUG	Received DOM event "beforeunload" for "https://www.alta.com/#todays-favorite-moment"
1516021229936	Marionette	DEBUG	Received DOM event "pagehide" for "https://www.alta.com/#todays-favorite-moment"
1516021229937	Marionette	DEBUG	Received DOM event "unload" for "https://www.alta.com/#todays-favorite-moment"
1516021231199	Marionette	DEBUG	Received DOM event "DOMContentLoaded" for "https://accounts.google.com/ServiceLogin?service=mail&passive=true&rm=false&continue=https://mail.google.com/mail/&ss=1&scc=1&ltmpl=default&ltmplcache=2&emr=1&osid=1#"
1516021231451	Marionette	DEBUG	Received DOM event "pageshow" for "https://accounts.google.com/ServiceLogin?service=mail&passive=true&rm=false&continue=https://mail.google.com/mail/&ss=1&scc=1&ltmpl=default&ltmplcache=2&emr=1&osid=1#"
console.warn: LoginRecipes: getRecipes: falling back to a synchronous message for: https://accounts.google.com
console.warn: nsLoginManager: searchLogins: `formSubmitURL` or `httpRealm` is recommended
1516021733008	Marionette	DEBUG	Canceled page load listener because no navigation has been detected
console.warn: LoginRecipes: getRecipes: falling back to a synchronous message for: https://accounts.google.com
console.warn: nsLoginManager: searchLogins: `formSubmitURL` or `httpRealm` is recommended
JavaScript error: resource://devtools/shared/base-loader.js -> resource://devtools/server/actors/tab.js, line 1646: TypeError: can't access dead object
JavaScript error: resource://devtools/shared/base-loader.js -> resource://devtools/server/actors/tab.js, line 1646: TypeError: can't access dead object
JavaScript error: resource://devtools/shared/base-loader.js -> resource://devtools/server/actors/tab.js, line 1646: TypeError: can't access dead object
JavaScript error: resource://devtools/shared/base-loader.js -> resource://devtools/server/actors/tab.js, line 1646: TypeError: can't access dead object
JavaScript error: resource://devtools/shared/base-loader.js -> resource://devtools/server/actors/tab.js, line 1646: TypeError: can't access dead object
JavaScript error: resource://devtools/shared/base-loader.js -> resource://devtools/server/actors/tab.js, line 1646: TypeError: can't access dead object
JavaScript error: resource://devtools/shared/base-loader.js -> resource://devtools/server/actors/tab.js, line 1646: TypeError: can't access dead object
JavaScript error: resource://devtools/shared/base-loader.js -> resource://devtools/server/actors/tab.js, line 1646: TypeError: can't access dead object
JavaScript error: resource://devtools/shared/base-loader.js -> resource://devtools/server/actors/tab.js, line 1646: TypeError: can't access dead object
JavaScript error: resource://devtools/shared/base-loader.js -> resource://devtools/server/actors/tab.js, line 1646: TypeError: can't access dead object
JavaScript error: resource://devtools/shared/base-loader.js -> resource://devtools/server/actors/tab.js, line 1646: TypeError: can't access dead object
JavaScript error: resource://devtools/shared/base-loader.js -> resource://devtools/server/actors/tab.js, line 1646: TypeError: can't access dead object
JavaScript error: resource://devtools/shared/base-loader.js -> resource://devtools/server/actors/tab.js, line 1646: TypeError: can't access dead object
JavaScript error: resource://devtools/shared/base-loader.js -> resource://devtools/server/actors/tab.js, line 1646: TypeError: can't access dead object
JavaScript error: resource://devtools/shared/base-loader.js -> resource://devtools/server/actors/tab.js, line 1646: TypeError: can't access dead object
JavaScript error: resource://devtools/shared/base-loader.js -> resource://devtools/server/actors/tab.js, line 1646: TypeError: can't access dead object
JavaScript error: resource://devtools/shared/base-loader.js -> resource://devtools/server/actors/tab.js, line 1646: TypeError: can't access dead object
JavaScript error: resource://devtools/shared/base-loader.js -> resource://devtools/server/actors/tab.js, line 1646: TypeError: can't access dead object
JavaScript error: resource://devtools/shared/base-loader.js -> resource://devtools/server/actors/tab.js, line 1646: TypeError: can't access dead object
JavaScript error: resource://devtools/shared/base-loader.js -> resource://devtools/server/actors/tab.js, line 1646: TypeError: can't access dead object
JavaScript error: resource://devtools/shared/base-loader.js -> resource://devtools/server/actors/tab.js, line 1646: TypeError: can't access dead object
JavaScript error: resource://devtools/shared/base-loader.js -> resource://devtools/server/actors/tab.js, line 1646: TypeError: can't access dead object
1516022028838	geckodriver	INFO	geckodriver 0.19.1
1516022028917	geckodriver	INFO	Listening on 127.0.0.1:59810
1516022029934	mozrunner::runner	INFO	Running command: "/Applications/Firefox.app/Contents/MacOS/firefox-bin" "-marionette" "-profile" "/var/folders/zw/191_468n3fj9_0ly0jymddq00000gn/T/rust_mozprofile.WsrQ4TmSFAPV"
1516022030464	Marionette	INFO	Enabled via --marionette
2018-01-15 06:13:51.374 plugin-container[2673:451588] *** CFMessagePort: bootstrap_register(): failed 1100 (0x44c) 'Permission denied', port = 0x7807, name = 'com.apple.tsm.portname'
See /usr/include/servers/bootstrap_defs.h for the error codes.
1516022031852	Marionette	INFO	Listening on port 59821
1516022031917	Marionette	WARN	TLS certificate errors will be ignored for this session
1516022031982	Marionette	DEBUG	Register listener.js for window 2147483649
1516022055914	Marionette	DEBUG	Received DOM event "beforeunload" for "about:blank"
1516022057136	Marionette	DEBUG	Received DOM event "pagehide" for "about:blank"
1516022057137	Marionette	DEBUG	Received DOM event "unload" for "about:blank"
1516022057922	Marionette	DEBUG	Received DOM event "DOMContentLoaded" for "https://www.alta.com/"
1516022059082	Marionette	DEBUG	Received DOM event "pageshow" for "https://www.alta.com/"
1516022153248	Marionette	DEBUG	Received DOM event "beforeunload" for "https://www.alta.com/"
1516022154363	Marionette	DEBUG	Received DOM event "pagehide" for "https://www.alta.com/"
1516022154364	Marionette	DEBUG	Received DOM event "unload" for "https://www.alta.com/"
1516022154678	Marionette	DEBUG	Received DOM event "DOMContentLoaded" for "https://www.alta.com/"
1516022155040	Marionette	DEBUG	Received DOM event "pageshow" for "https://www.alta.com/"
Handler function NetworkEventActorProxy.addResponseContent threw an exception: [Exception... "Component returned failure code: 0xc1f30001 (NS_ERROR_NOT_INITIALIZED) [nsIMessageSender.sendAsyncMessage]"  nsresult: "0xc1f30001 (NS_ERROR_NOT_INITIALIZED)"  location: "JS frame :: resource://devtools/shared/base-loader.js -> resource://devtools/shared/webconsole/network-monitor.js :: NetworkEventActorProxy.methodFactory/< :: line 1690"  data: no]
Stack: NetworkEventActorProxy.methodFactory/<@resource://devtools/shared/base-loader.js -> resource://devtools/shared/webconsole/network-monitor.js:1690:5
exports.makeInfallible/<@resource://devtools/shared/base-loader.js -> resource://devtools/shared/ThreadSafeDevToolsUtils.js:109:14
_onComplete@resource://devtools/shared/base-loader.js -> resource://devtools/shared/webconsole/network-monitor.js:620:5
onStreamClose@resource://devtools/shared/base-loader.js -> resource://devtools/shared/webconsole/network-monitor.js:569:7
onInputStreamReady@resource://devtools/shared/base-loader.js -> resource://devtools/shared/webconsole/network-monitor.js:668:7
Line: 1690, column: 0
console.error: 
  Handler function NetworkEventActorProxy.addResponseContent threw an exception: [Exception... "Component returned failure code: 0xc1f30001 (NS_ERROR_NOT_INITIALIZED) [nsIMessageSender.sendAsyncMessage]"  nsresult: "0xc1f30001 (NS_ERROR_NOT_INITIALIZED)"  location: "JS frame :: resource://devtools/shared/base-loader.js -> resource://devtools/shared/webconsole/network-monitor.js :: NetworkEventActorProxy.methodFactory/< :: line 1690"  data: no]
Stack: NetworkEventActorProxy.methodFactory/<@resource://devtools/shared/base-loader.js -> resource://devtools/shared/webconsole/network-monitor.js:1690:5
exports.makeInfallible/<@resource://devtools/shared/base-loader.js -> resource://devtools/shared/ThreadSafeDevToolsUtils.js:109:14
_onComplete@resource://devtools/shared/base-loader.js -> resource://devtools/shared/webconsole/network-monitor.js:620:5
onStreamClose@resource://devtools/shared/base-loader.js -> resource://devtools/shared/webconsole/network-monitor.js:569:7
onInputStreamReady@resource://devtools/shared/base-loader.js -> resource://devtools/shared/webconsole/network-monitor.js:668:7
Line: 1690, column: 0
1516022181792	Marionette	DEBUG	Register listener.js for window 2147483654
1516022181882	Marionette	DEBUG	Register listener.js for window 2147483656
